Build started 1/12/2019 1:14:27 PM.
     1>Project "E:\GOC HOC TAP\Cong Nghe Thong Tin\HKIV\Lap Trinh Huong Doi Tuong\HDT C++ YOUTUBE\Bai_Tap_Web_tailieu\Bai_Tap_Web_tailieu\Bai_Tap_Web_tailieu.vcxproj" on node 2 (build target(s)).
     1>PrepareForBuild:
         Creating directory "E:\GOC HOC TAP\Cong Nghe Thong Tin\HKIV\Lap Trinh Huong Doi Tuong\HDT C++ YOUTUBE\Bai_Tap_Web_tailieu\Debug\".
       InitializeBuildStatus:
         Creating "Debug\Bai1.1.unsuccessfulbuild" because "AlwaysCreate" was specified.
       ClCompile:
         C:\Program Files (x86)\Microsoft Visual Studio 10.0\VC\bin\CL.exe /c /ZI /nologo /W3 /WX- /Od /Oy- /D _MBCS /Gm /EHsc /RTC1 /MDd /GS /fp:precise /Zc:wchar_t /Zc:forScope /Fo"Debug\\" /Fd"Debug\vc100.pdb" /Gd /TP /analyze- /errorReport:prompt source.cpp
         source.cpp
       Link:
         C:\Program Files (x86)\Microsoft Visual Studio 10.0\VC\bin\link.exe /ERRORREPORT:PROMPT /OUT:"E:\GOC HOC TAP\Cong Nghe Thong Tin\HKIV\Lap Trinh Huong Doi Tuong\HDT C++ YOUTUBE\Bai_Tap_Web_tailieu\Debug\Bai1.1.exe" /NOLOGO kernel32.lib user32.lib gdi32.lib winspool.lib comdlg32.lib advapi32.lib shell32.lib ole32.lib oleaut32.lib uuid.lib odbc32.lib odbccp32.lib /MANIFEST /ManifestFile:"Debug\Bai1.1.exe.intermediate.manifest" /MANIFESTUAC:"level='asInvoker' uiAccess='false'" /DEBUG /PDB:"E:\GOC HOC TAP\Cong Nghe Thong Tin\HKIV\Lap Trinh Huong Doi Tuong\HDT C++ YOUTUBE\Bai_Tap_Web_tailieu\Debug\Bai1.1.pdb" /TLBID:1 /DYNAMICBASE /NXCOMPAT /IMPLIB:"E:\GOC HOC TAP\Cong Nghe Thong Tin\HKIV\Lap Trinh Huong Doi Tuong\HDT C++ YOUTUBE\Bai_Tap_Web_tailieu\Debug\Bai1.1.lib" /MACHINE:X86 Debug\source.obj
         Bai_Tap_Web_tailieu.vcxproj -> E:\GOC HOC TAP\Cong Nghe Thong Tin\HKIV\Lap Trinh Huong Doi Tuong\HDT C++ YOUTUBE\Bai_Tap_Web_tailieu\Debug\Bai1.1.exe
       Manifest:
         C:\Program Files (x86)\Microsoft SDKs\Windows\v7.0A\bin\mt.exe /nologo /verbose /outputresource:"E:\GOC HOC TAP\Cong Nghe Thong Tin\HKIV\Lap Trinh Huong Doi Tuong\HDT C++ YOUTUBE\Bai_Tap_Web_tailieu\Debug\Bai1.1.exe;#1" /manifest Debug\Bai1.1.exe.intermediate.manifest
       FinalizeBuildStatus:
         Deleting file "Debug\Bai1.1.unsuccessfulbuild".
         Touching "Debug\Bai1.1.lastbuildstate".
     1>Done Building Project "E:\GOC HOC TAP\Cong Nghe Thong Tin\HKIV\Lap Trinh Huong Doi Tuong\HDT C++ YOUTUBE\Bai_Tap_Web_tailieu\Bai_Tap_Web_tailieu\Bai_Tap_Web_tailieu.vcxproj" (build target(s)).

Build succeeded.

Time Elapsed 00:00:02.25
